<html>
<body>
<pre>
<h1>Vision Build Log</h1>
<h2>Project:</h2>
C:\Documents and Settings\Administrator\桌面\exp2\exp2.uvproj
Project File Date:  10/21/2021

<h2>Output:</h2>
Build target 'Target 1'
assembling 实验二.a51...
linking...
Program Size: data=8.0 xdata=0 code=173
"exp2" - 0 Error(s), 0 Warning(s).
Build target 'Target 1'
linking...
Program Size: data=8.0 xdata=0 code=173
creating hex file from "exp2"...
"exp2" - 0 Error(s), 0 Warning(s).
Build target 'Target 1'
assembling 实验二.a51...
linking...
Program Size: data=8.0 xdata=0 code=164
creating hex file from "exp2"...
"exp2" - 0 Error(s), 0 Warning(s).
Build target 'Target 1'
assembling 实验二.a51...
linking...
Program Size: data=8.0 xdata=0 code=164
creating hex file from "exp2"...
"exp2" - 0 Error(s), 0 Warning(s).
Build target 'Target 1'
assembling 实验二.a51...
linking...
Program Size: data=8.0 xdata=0 code=164
creating hex file from "exp2"...
"exp2" - 0 Error(s), 0 Warning(s).
Build target 'Target 1'
assembling 实验二.a51...
linking...
Program Size: data=8.0 xdata=0 code=164
creating hex file from "exp2"...
"exp2" - 0 Error(s), 0 Warning(s).
Build target 'Target 1'
Target has no object modules
Target not created
Build target 'Target 1'
assembling exp2.A51...
exp2.A51(19): error A9: SYNTAX ERROR
Target not created
Build target 'Target 1'
assembling exp2.A51...
linking...
Program Size: data=8.0 xdata=0 code=32
creating hex file from "exp2"...
"exp2" - 0 Error(s), 0 Warning(s).
Build target 'Target 1'
assembling exp2.A51...
exp2.A51(3): error A48: DATA-ADDRESS EXPECTED
exp2.A51(5): error A48: DATA-ADDRESS EXPECTED
exp2.A51(7): error A48: DATA-ADDRESS EXPECTED
exp2.A51(8): error A48: DATA-ADDRESS EXPECTED
exp2.A51(9): error A48: DATA-ADDRESS EXPECTED
exp2.A51(12): error A48: DATA-ADDRESS EXPECTED
Target not created
Build target 'Target 1'
assembling exp2.A51...
exp2.A51(8): error A45: UNDEFINED SYMBOL (PASS-2)
exp2.A51(14): error A8: ATTEMPT TO DEFINE AN ALREADY DEFINED LABEL
exp2.A51(18): error A8: ATTEMPT TO DEFINE AN ALREADY DEFINED LABEL
exp2.A51(20): error A45: UNDEFINED SYMBOL (PASS-2)
exp2.A51(23): error A8: ATTEMPT TO DEFINE AN ALREADY DEFINED LABEL
exp2.A51(26): error A8: ATTEMPT TO DEFINE AN ALREADY DEFINED LABEL
exp2.A51(30): error A8: ATTEMPT TO DEFINE AN ALREADY DEFINED LABEL
exp2.A51(32): error A45: UNDEFINED SYMBOL (PASS-2)
exp2.A51(35): error A8: ATTEMPT TO DEFINE AN ALREADY DEFINED LABEL
exp2.A51(38): error A8: ATTEMPT TO DEFINE AN ALREADY DEFINED LABEL
exp2.A51(42): error A8: ATTEMPT TO DEFINE AN ALREADY DEFINED LABEL
exp2.A51(44): error A45: UNDEFINED SYMBOL (PASS-2)
exp2.A51(47): error A8: ATTEMPT TO DEFINE AN ALREADY DEFINED LABEL
exp2.A51(50): error A8: ATTEMPT TO DEFINE AN ALREADY DEFINED LABEL
exp2.A51(54): error A8: ATTEMPT TO DEFINE AN ALREADY DEFINED LABEL
exp2.A51(56): error A45: UNDEFINED SYMBOL (PASS-2)
exp2.A51(59): error A8: ATTEMPT TO DEFINE AN ALREADY DEFINED LABEL
exp2.A51(62): error A8: ATTEMPT TO DEFINE AN ALREADY DEFINED LABEL
exp2.A51(66): error A8: ATTEMPT TO DEFINE AN ALREADY DEFINED LABEL
exp2.A51(68): error A45: UNDEFINED SYMBOL (PASS-2)
exp2.A51(71): error A8: ATTEMPT TO DEFINE AN ALREADY DEFINED LABEL
Target not created
Build target 'Target 1'
compiling exp2.c...
linking...
Program Size: data=9.0 xdata=0 code=95
creating hex file from "exp2"...
"exp2" - 0 Error(s), 0 Warning(s).
Build target 'Target 1'
compiling exp2.c...
linking...
Program Size: data=9.0 xdata=0 code=95
creating hex file from "exp2"...
"exp2" - 0 Error(s), 0 Warning(s).
Build target 'Target 1'
compiling exp2.c...
linking...
Program Size: data=9.0 xdata=0 code=94
creating hex file from "exp2"...
"exp2" - 0 Error(s), 0 Warning(s).
Build target 'Target 1'
compiling exp2.c...
linking...
Program Size: data=9.0 xdata=0 code=94
creating hex file from "exp2"...
"exp2" - 0 Error(s), 0 Warning(s).
Build target 'Target 1'
compiling exp2.c...
linking...
Program Size: data=9.0 xdata=0 code=94
creating hex file from "exp2"...
"exp2" - 0 Error(s), 0 Warning(s).
Build target 'Target 1'
compiling exp2.c...
linking...
Program Size: data=9.0 xdata=0 code=94
creating hex file from "exp2"...
"exp2" - 0 Error(s), 0 Warning(s).
Build target 'Target 1'
compiling exp2.c...
linking...
Program Size: data=9.0 xdata=0 code=94
creating hex file from "exp2"...
"exp2" - 0 Error(s), 0 Warning(s).
Build target 'Target 1'
compiling exp2.c...
linking...
Program Size: data=9.0 xdata=0 code=94
creating hex file from "exp2"...
"exp2" - 0 Error(s), 0 Warning(s).
Build target 'Target 1'
compiling exp2.c...
linking...
Program Size: data=9.0 xdata=0 code=94
creating hex file from "exp2"...
"exp2" - 0 Error(s), 0 Warning(s).
